<?xml version="1.0" encoding="UTF-8"?>
<!-- Generated by org.testng.reporters.JUnitXMLReporter -->
<testsuite ignored="0" hostname="LAPTOP-ILSG7P8V" failures="0" tests="3" name="Test" time="11.06" errors="0" timestamp="2020-06-11T16:59:17 IST">
  <testcase classname="amazon.Results" name="@BeforeTest initialize" time="-1.591874957195E9">
    <failure type="org.testng.TestNGException" message="
Can inject only one of &amp;lt;ITestContext, XmlTest&amp;gt; into a @BeforeTest annotated initialize.
For more information on native dependency injection please refer to https://testng.org/doc/documentation-main.html#native-dependency-injection">
      <![CDATA[org.testng.TestNGException: 
Can inject only one of <ITestContext, XmlTest> into a @BeforeTest annotated initialize.
For more information on native dependency injection please refer to https://testng.org/doc/documentation-main.html#native-dependency-injection
... Removed 21 stack frames]]>
    </failure>
  </testcase> <!-- @BeforeTest initialize -->
  <testcase classname="amazon.AddToCart" name="@AfterTest teardown" time="-1.591874957242E9">
    <skipped/>
  </testcase> <!-- @AfterTest teardown -->
  <testcase classname="amazon.Homepage" name="@AfterTest teardown" time="-1.591874957243E9">
    <skipped/>
  </testcase> <!-- @AfterTest teardown -->
  <testcase classname="amazon.Results" name="@AfterTest tearDown" time="-1.591874957243E9">
    <skipped/>
  </testcase> <!-- @AfterTest tearDown -->
  <testcase classname="amazon.Homepage" name="HomePageNavigation" time="0.0">
    <skipped/>
  </testcase> <!-- HomePageNavigation -->
  <testcase classname="amazon.Results" name="results" time="0.0">
    <skipped/>
  </testcase> <!-- results -->
  <testcase classname="amazon.AddToCart" name="HomePageNavigation" time="0.0">
    <skipped/>
  </testcase> <!-- HomePageNavigation -->
</testsuite> <!-- Test -->
